<?xml version="1.0" encoding="utf-8"?>
<FrameLayout xmlns:android="http://schemas.android.com/apk/res/android"
    xmlns:app="http://schemas.android.com/apk/res-auto"
    xmlns:tools="http://schemas.android.com/tools"
    android:layout_width="match_parent"
    android:layout_height="match_parent"
    android:background="@drawable/bg_gradient_result">

    <!-- KonfettiView needs to be the first child to appear behind everything -->
    <nl.dionsegijn.konfetti.xml.KonfettiView
        android:id="@+id/konfettiView"
        android:layout_width="match_parent"
        android:layout_height="match_parent" />

    <!-- ScrollView with all the content -->
    <ScrollView
        android:layout_width="match_parent"
        android:layout_height="match_parent"
        android:fillViewport="true">

        <LinearLayout
            android:layout_width="match_parent"
            android:layout_height="wrap_content"
            android:orientation="vertical"
            android:padding="24dp">

            <!-- Header -->
            <TextView
                android:id="@+id/HeaderText"
                android:layout_width="match_parent"
                android:layout_height="wrap_content"
                android:gravity="center"
                android:text="Test Complete!"
                android:textColor="#1F2937"
                android:textSize="24sp"
                android:textStyle="bold" />

            <TextView
                android:layout_width="match_parent"
                android:layout_height="wrap_content"
                android:layout_marginTop="8dp"
                android:layout_marginBottom="24dp"
                android:gravity="center"
                android:text="Here's how you performed"
                android:textColor="#6B7280"
                android:textSize="16sp" />

            <!-- Results Circle -->
            <FrameLayout
                android:layout_width="280dp"
                android:layout_height="280dp"
                android:layout_gravity="center_horizontal"
                android:layout_marginBottom="24dp">

                <com.google.android.material.progressindicator.CircularProgressIndicator
                    android:id="@+id/progressBackground"
                    android:layout_width="match_parent"
                    android:layout_height="match_parent"
                    android:layout_gravity="center"
                    android:progress="100"
                    app:indicatorColor="#E5E7EB"
                    app:indicatorSize="240dp"
                    app:trackThickness="12dp" />

                <com.google.android.material.progressindicator.CircularProgressIndicator
                    android:id="@+id/progressUnanswered"
                    android:layout_width="match_parent"
                    android:layout_height="match_parent"
                    android:layout_gravity="center"
                    android:progress="15"
                    app:indicatorColor="#9CA3AF"
                    app:indicatorSize="240dp"
                    app:trackThickness="12dp" />

                <com.google.android.material.progressindicator.CircularProgressIndicator
                    android:id="@+id/progressWrong"
                    android:layout_width="match_parent"
                    android:layout_height="match_parent"
                    android:layout_gravity="center"
                    android:progress="25"
                    app:indicatorColor="#EF4444"
                    app:indicatorSize="240dp"
                    app:trackThickness="12dp" />

                <com.google.android.material.progressindicator.CircularProgressIndicator
                    android:id="@+id/progressCorrect"
                    android:layout_width="match_parent"
                    android:layout_height="match_parent"
                    android:layout_gravity="center"
                    android:progress="60"
                    app:indicatorColor="#22C55E"
                    app:indicatorSize="240dp"
                    app:trackThickness="12dp" />

                <!-- Center Content -->
                <LinearLayout
                    android:layout_width="wrap_content"
                    android:layout_height="wrap_content"
                    android:layout_gravity="center"
                    android:gravity="center"
                    android:orientation="vertical">

                    <TextView
                        android:id="@+id/tvCorrectCount"
                        android:layout_width="wrap_content"
                        android:layout_height="wrap_content"
                        android:text="12"
                        android:textColor="#1F2937"
                        android:textSize="36sp"
                        android:textStyle="bold" />

                    <TextView
                        android:id="@+id/tvtotalCount"
                        android:layout_width="wrap_content"
                        android:layout_height="wrap_content"
                        android:text="out of 20"
                        android:textColor="#6B7280"
                        android:textSize="14sp" />
                </LinearLayout>
            </FrameLayout>

            <!-- Legend -->
            <LinearLayout
                android:layout_width="match_parent"
                android:layout_height="wrap_content"
                android:layout_marginBottom="24dp"
                android:orientation="horizontal">

                <!-- Correct -->
                <LinearLayout
                    android:layout_width="0dp"
                    android:layout_height="wrap_content"
                    android:layout_weight="1"
                    android:gravity="center_vertical"
                    android:orientation="horizontal">

                    <ImageView
                        android:layout_width="20dp"
                        android:layout_height="20dp"
                        android:src="@drawable/ic_check_circle"
                        app:tint="#22C55E" />

                    <LinearLayout
                        android:layout_width="wrap_content"
                        android:layout_height="wrap_content"
                        android:layout_marginStart="8dp"
                        android:orientation="vertical">

                        <TextView
                            android:id="@+id/tvCorrectLegend"
                            android:layout_width="wrap_content"
                            android:layout_height="wrap_content"
                            android:text="12"
                            android:textColor="#1F2937"
                            android:textSize="14sp"
                            android:textStyle="bold" />

                        <TextView
                            android:layout_width="wrap_content"
                            android:layout_height="wrap_content"
                            android:text="Correct"
                            android:textColor="#6B7280"
                            android:textSize="12sp" />
                    </LinearLayout>
                </LinearLayout>

                <!-- Wrong -->
                <LinearLayout
                    android:layout_width="0dp"
                    android:layout_height="wrap_content"
                    android:layout_weight="1"
                    android:gravity="center_vertical"
                    android:orientation="horizontal">

                    <ImageView
                        android:layout_width="20dp"
                        android:layout_height="20dp"
                        android:src="@drawable/ic_x_circle"
                        app:tint="#EF4444" />

                    <LinearLayout
                        android:layout_width="wrap_content"
                        android:layout_height="wrap_content"
                        android:layout_marginStart="8dp"
                        android:orientation="vertical">

                        <TextView
                            android:id="@+id/tvWrongLegend"
                            android:layout_width="wrap_content"
                            android:layout_height="wrap_content"
                            android:text="5"
                            android:textColor="#1F2937"
                            android:textSize="14sp"
                            android:textStyle="bold" />

                        <TextView
                            android:layout_width="wrap_content"
                            android:layout_height="wrap_content"
                            android:text="Wrong"
                            android:textColor="#6B7280"
                            android:textSize="12sp" />
                    </LinearLayout>
                </LinearLayout>

                <!-- Skipped -->
                <LinearLayout
                    android:layout_width="0dp"
                    android:layout_height="wrap_content"
                    android:layout_weight="1"
                    android:gravity="center_vertical"
                    android:orientation="horizontal">

                    <ImageView
                        android:layout_width="20dp"
                        android:layout_height="20dp"
                        android:src="@drawable/ic_help_circle"
                        app:tint="#9CA3AF" />

                    <LinearLayout
                        android:layout_width="wrap_content"
                        android:layout_height="wrap_content"
                        android:layout_marginStart="8dp"
                        android:orientation="vertical">

                        <TextView
                            android:id="@+id/tvSkippedLegend"
                            android:layout_width="wrap_content"
                            android:layout_height="wrap_content"
                            android:text="3"
                            android:textColor="#1F2937"
                            android:textSize="14sp"
                            android:textStyle="bold" />

                        <TextView
                            android:layout_width="wrap_content"
                            android:layout_height="wrap_content"
                            android:text="Skipped"
                            android:textColor="#6B7280"
                            android:textSize="12sp" />
                    </LinearLayout>
                </LinearLayout>
            </LinearLayout>

            <!-- Additional Stats -->
            <androidx.cardview.widget.CardView
                android:layout_width="match_parent"
                android:layout_height="wrap_content"
                android:layout_marginBottom="24dp"
                app:cardBackgroundColor="#FFFFFF"
                app:cardCornerRadius="16dp"
                app:cardElevation="2dp">

                <LinearLayout
                    android:layout_width="match_parent"
                    android:layout_height="wrap_content"
                    android:orientation="vertical"
                    android:padding="16dp">

                    <LinearLayout
                        android:layout_width="match_parent"
                        android:layout_height="wrap_content"
                        android:orientation="horizontal">

                        <!-- Time Spent -->
                        <LinearLayout
                            android:layout_width="0dp"
                            android:layout_height="wrap_content"
                            android:layout_weight="1"
                            android:orientation="vertical"
                            android:padding="8dp">

                            <TextView
                                android:layout_width="wrap_content"
                                android:layout_height="wrap_content"
                                android:text="Time Spent"
                                android:textColor="#6B7280"
                                android:textSize="14sp" />

                            <TextView
                                android:id="@+id/tvTimeSpent"
                                android:layout_width="wrap_content"
                                android:layout_height="wrap_content"
                                android:layout_marginTop="4dp"
                                android:text="18:45"
                                android:textColor="#1F2937"
                                android:textSize="18sp"
                                android:textStyle="bold" />
                        </LinearLayout>

                        <!-- Accuracy -->
                        <LinearLayout
                            android:layout_width="0dp"
                            android:layout_height="wrap_content"
                            android:layout_weight="1"
                            android:orientation="vertical"
                            android:padding="8dp">

                            <TextView
                                android:layout_width="wrap_content"
                                android:layout_height="wrap_content"
                                android:text="Accuracy"
                                android:textColor="#6B7280"
                                android:textSize="14sp" />

                            <TextView
                                android:id="@+id/tvAccuracy"
                                android:layout_width="wrap_content"
                                android:layout_height="wrap_content"
                                android:layout_marginTop="4dp"
                                android:text="60%"
                                android:textColor="#1F2937"
                                android:textSize="18sp"
                                android:textStyle="bold" />
                        </LinearLayout>
                    </LinearLayout>

                    <LinearLayout
                        android:layout_width="match_parent"
                        android:layout_height="wrap_content"
                        android:layout_marginTop="8dp"
                        android:orientation="horizontal">

                        <!-- Your Rank -->
                        <LinearLayout
                            android:layout_width="0dp"
                            android:layout_height="wrap_content"
                            android:layout_weight="1"
                            android:orientation="vertical"
                            android:padding="8dp">

                            <TextView
                                android:layout_width="wrap_content"
                                android:layout_height="wrap_content"
                                android:text="Your Rank"
                                android:textColor="#6B7280"
                                android:textSize="14sp" />

                            <TextView
                                android:id="@+id/tvRank"
                                android:layout_width="wrap_content"
                                android:layout_height="wrap_content"
                                android:layout_marginTop="4dp"
                                android:text="#8"
                                android:textColor="#1F2937"
                                android:textSize="18sp"
                                android:textStyle="bold" />
                        </LinearLayout>

                        <!-- Total Participants -->
                        <LinearLayout
                            android:layout_width="0dp"
                            android:layout_height="wrap_content"
                            android:layout_weight="1"
                            android:orientation="vertical"
                            android:padding="8dp">

                            <TextView
                                android:layout_width="wrap_content"
                                android:layout_height="wrap_content"
                                android:text="Total Participants"
                                android:textColor="#6B7280"
                                android:textSize="14sp" />

                            <TextView
                                android:id="@+id/tvTotalParticipants"
                                android:layout_width="wrap_content"
                                android:layout_height="wrap_content"
                                android:layout_marginTop="4dp"
                                android:text="48"
                                android:textColor="#1F2937"
                                android:textSize="18sp"
                                android:textStyle="bold" />
                        </LinearLayout>
                    </LinearLayout>
                </LinearLayout>
            </androidx.cardview.widget.CardView>

            <!-- Action Buttons -->
            <android.widget.Button
                android:id="@+id/btnLeaderboard"
                android:layout_width="match_parent"
                android:layout_height="wrap_content"
                android:background="@drawable/bg_button_gradient"
                android:drawableStart="@drawable/ic_trophy"
                android:drawablePadding="8dp"
                android:drawableTint="#FFFFFF"
                android:paddingVertical="16dp"
                android:paddingStart="24dp"
                android:paddingEnd="24dp"
                android:text="Show Leaderboard"
                android:textAllCaps="false"
                android:textColor="#FFFFFF"
                android:textSize="16sp" />

            <LinearLayout
                android:layout_width="match_parent"
                android:layout_height="wrap_content"
                android:layout_marginTop="12dp"
                android:orientation="horizontal">

                <android.widget.Button
                    android:id="@+id/btnShare"
                    android:layout_width="0dp"
                    android:layout_height="wrap_content"
                    android:layout_marginEnd="6dp"
                    android:layout_weight="1"
                    android:background="@drawable/bg_button_outline"
                    android:drawableStart="@drawable/ic_share"
                    android:drawablePadding="8dp"
                    android:drawableTint="#4B5563"
                    android:paddingVertical="16dp"
                    android:paddingStart="16dp"
                    android:paddingEnd="16dp"
                    android:text="Share"
                    android:textAllCaps="false"
                    android:textColor="#4B5563"
                    android:textSize="16sp" />

                <android.widget.Button
                    android:id="@+id/btnTryAgain"
                    android:layout_width="0dp"
                    android:layout_height="wrap_content"
                    android:layout_marginStart="6dp"
                    android:layout_weight="1"
                    android:background="@drawable/bg_button_outline"
                    android:drawableStart="@drawable/ic_rotate_ccw"
                    android:drawablePadding="8dp"
                    android:drawableTint="#4B5563"
                    android:paddingVertical="16dp"
                    android:paddingStart="16dp"
                    android:paddingEnd="16dp"
                    android:text="Try Again"
                    android:textAllCaps="false"
                    android:textColor="#4B5563"
                    android:textSize="16sp" />
            </LinearLayout>

            <android.widget.Button
                android:id="@+id/btnReviewAnswers"
                android:layout_width="match_parent"
                android:layout_height="wrap_content"
                android:layout_marginTop="12dp"
                android:background="@drawable/bg_button_light"
                android:drawableEnd="@drawable/ic_arrow_right"
                android:drawablePadding="8dp"
                android:drawableTint="#1F2937"
                android:paddingVertical="16dp"
                android:paddingStart="24dp"
                android:paddingEnd="24dp"
                android:text="Review Answers"
                android:textAllCaps="false"
                android:textColor="#1F2937"
                android:textSize="16sp" />

        </LinearLayout>
    </ScrollView>
</FrameLayout>